<?xml version="1.0" encoding="UTF-8"?>
<!-- Generated by org.testng.reporters.JUnitReportReporter -->
<testsuite hostname="Varsha-PC" name="testcases.Register" tests="1" failures="0" timestamp="26 Oct 2015 16:51:01 GMT" time="9.130" errors="0">
  <testcase name="underTest" time="9.130" classname="testcases.Register"/>
</testsuite> <!-- testcases.Register -->
